<?xml version="1.0" encoding="UTF-8" ?>
<testsuite errors="0" failures="0" hostname="Paris" name="com.example.utilities.MarkLogicClientIntegrationTest" tests="2" time="1.176" timestamp="2013-05-26T19:52:08">
  <properties />
  <testcase classname="com.example.utilities.MarkLogicClientIntegrationTest" name="shouldGetJsonDocument" time="1.134" />
  <testcase classname="com.example.utilities.MarkLogicClientIntegrationTest" name="shouldGetXmlDocument" time="0.019" />
  <system-out><![CDATA[]]></system-out>
  <system-err><![CDATA[]]></system-err>
</testsuite>
